<?xml version="1.0" encoding="UTF-8"?>
<testsuite xmlns:xsi="http://www.w3.org/2001/XMLSchema-instance" xsi:noNamespaceSchemaLocation="https://maven.apache.org/surefire/maven-surefire-plugin/xsd/surefire-test-report.xsd" name="com.xiao.powermock.PowerMockClassTest" time="0.371" tests="7" errors="0" skipped="0" failures="0">
  <properties>
[...]
</properties>
  <testcase name="testNew_object" classname="com.xiao.powermock.PowerMockClassTest" time="0.196"/>
  <testcase name="testVoid_static" classname="com.xiao.powermock.PowerMockClassTest" time="0.008"/>
  <testcase name="testFinal_method" classname="com.xiao.powermock.PowerMockClassTest" time="0.002"/>
  <testcase name="testSpy" classname="com.xiao.powermock.PowerMockClassTest" time="0.007"/>
  <testcase name="testStatic_arg" classname="com.xiao.powermock.PowerMockClassTest" time="0.002"/>
  <testcase name="testStatic_method" classname="com.xiao.powermock.PowerMockClassTest" time="0.002"/>
  <testcase name="testPrivate_method" classname="com.xiao.powermock.PowerMockClassTest" time="0.002"/>
</testsuite>